<?xml version="1.0" encoding="UTF-8"?>
<!-- Generated by org.testng.reporters.JUnitReportReporter -->
<testsuite hostname="BLOX_Device" failures="0" tests="9" name="tests.TestAll" time="15.193" errors="0" timestamp="2025-06-19T04:00:58 IST" skipped="0">
  <testcase classname="tests.TestAll" name="verifyPageLoad" time="0.526"/>
  <system-out/>
  <testcase classname="tests.TestAll" name="verifyStatusCode" time="0.151"/>
  <system-out/>
  <testcase classname="tests.TestAll" name="signUp" time="3.510"/>
  <system-out/>
  <testcase classname="tests.TestAll" name="signUpPage" time="0.016"/>
  <system-out/>
  <testcase classname="tests.TestAll" name="propertyManagerLogin" time="1.414"/>
  <system-out/>
  <testcase classname="tests.TestAll" name="propertyManagerPage" time="0.013"/>
  <system-out/>
  <testcase classname="tests.TestAll" name="watchDemo" time="6.128"/>
  <system-out/>
  <testcase classname="tests.TestAll" name="demoPage" time="0.020"/>
  <system-out/>
  <testcase classname="tests.TestAll" name="testFillAndSubmitDemoForm" time="3.415"/>
  <system-out/>
</testsuite> <!-- tests.TestAll -->
